npm verb cli C:\Program Files\nodejs\node.exe C:\Program Files\nodejs\node_modules\npm\bin\npm-cli.js
npm info using npm@9.5.1
npm info using node@v18.16.0
npm verb title npm install
npm verb argv "install" "--legacy-peer-deps" "--loglevel" "verbose"
npm verb logfile logs-max:10 dir:C:\Users\Acer\AppData\Local\npm-cache\_logs\2024-06-10T17_53_58_995Z-
npm verb logfile C:\Users\Acer\AppData\Local\npm-cache\_logs\2024-06-10T17_53_58_995Z-debug-0.log
npm http fetch GET 200 https://registry.npmjs.org/browserstack-cypress-cli 1076ms (cache revalidated)
npm http fetch GET 200 https://registry.npmjs.org/cypress 161ms (cache updated)
npm http fetch GET 200 https://registry.npmjs.org/chalk 645ms (cache revalidated)
npm http fetch GET 200 https://registry.npmjs.org/cli-progress 770ms (cache revalidated)
npm http fetch GET 200 https://registry.npmjs.org/gitconfiglocal 766ms (cache revalidated)
npm http fetch GET 200 https://registry.npmjs.org/async 804ms (cache revalidated)
npm http fetch GET 200 https://registry.npmjs.org/fs-extra 799ms (cache revalidated)
npm http fetch GET 200 https://registry.npmjs.org/archiver 812ms (cache revalidated)
npm http fetch GET 200 https://registry.npmjs.org/request 784ms (cache revalidated)
npm http fetch GET 200 https://registry.npmjs.org/mocha 794ms (cache revalidated)
npm http fetch GET 200 https://registry.npmjs.org/mkdirp 805ms (cache revalidated)
npm http fetch GET 200 https://registry.npmjs.org/uuid 799ms (cache revalidated)
npm http fetch GET 200 https://registry.npmjs.org/chalk 827ms (cache revalidated)
npm http fetch GET 200 https://registry.npmjs.org/windows-release 851ms (cache revalidated)
npm http fetch GET 200 https://registry.npmjs.org/table 862ms (cache revalidated)
npm http fetch GET 200 https://registry.npmjs.org/update-notifier 864ms (cache revalidated)
npm http fetch GET 200 https://registry.npmjs.org/yargs 858ms (cache revalidated)
npm http fetch GET 200 https://registry.npmjs.org/decompress 865ms (cache revalidated)
npm http fetch GET 200 https://registry.npmjs.org/tmp 859ms (cache revalidated)
npm http fetch GET 200 https://registry.npmjs.org/winston 892ms (cache revalidated)
npm http fetch GET 200 https://registry.npmjs.org/debug 895ms (cache revalidated)
npm http fetch GET 200 https://registry.npmjs.org/yauzl 891ms (cache revalidated)
npm http fetch GET 200 https://registry.npmjs.org/execa 911ms (cache revalidated)
npm http fetch GET 200 https://registry.npmjs.org/buffer 906ms (cache revalidated)
npm http fetch GET 200 https://registry.npmjs.org/dayjs 927ms (cache revalidated)
npm http fetch GET 200 https://registry.npmjs.org/is-ci 926ms (cache revalidated)
npm http fetch GET 200 https://registry.npmjs.org/ospath 919ms (cache revalidated)
npm http fetch GET 200 https://registry.npmjs.org/arch 968ms (cache revalidated)
npm http fetch GET 200 https://registry.npmjs.org/process 965ms (cache revalidated)
npm http fetch GET 200 https://registry.npmjs.org/minimist 953ms (cache revalidated)
npm http fetch GET 200 https://registry.npmjs.org/getos 987ms (cache revalidated)
npm http fetch GET 200 https://registry.npmjs.org/glob 1038ms (cache revalidated)
npm http fetch GET 200 https://registry.npmjs.org/fs-extra 965ms (cache revalidated)
npm http fetch GET 200 https://registry.npmjs.org/lodash 990ms (cache revalidated)
npm http fetch GET 200 https://registry.npmjs.org/listr2 1002ms (cache revalidated)
npm http fetch GET 200 https://registry.npmjs.org/cachedir 1009ms (cache revalidated)
npm http fetch GET 200 https://registry.npmjs.org/semver 1023ms (cache revalidated)
npm http fetch GET 200 https://registry.npmjs.org/figures 1041ms (cache revalidated)
npm http fetch GET 200 https://registry.npmjs.org/bluebird 1044ms (cache revalidated)
npm http fetch GET 200 https://registry.npmjs.org/blob-util 1045ms (cache revalidated)
npm http fetch GET 200 https://registry.npmjs.org/untildify 1042ms (cache revalidated)
npm http fetch GET 200 https://registry.npmjs.org/@types%2fnode 1047ms (cache revalidated)
npm http fetch GET 200 https://registry.npmjs.org/log-symbols 1171ms (cache revalidated)
npm http fetch GET 200 https://registry.npmjs.org/cli-cursor 1193ms (cache revalidated)
npm http fetch GET 200 https://registry.npmjs.org/pretty-bytes 1179ms (cache revalidated)
npm http fetch GET 200 https://registry.npmjs.org/executable 1194ms (cache revalidated)
npm http fetch GET 200 https://registry.npmjs.org/common-tags 1192ms (cache revalidated)
npm http fetch GET 200 https://registry.npmjs.org/proxy-from-env 1177ms (cache revalidated)
npm http fetch GET 200 https://registry.npmjs.org/lazy-ass 1210ms (cache revalidated)
npm http fetch GET 200 https://registry.npmjs.org/cli-table3 1204ms (cache revalidated)
npm http fetch GET 200 https://registry.npmjs.org/supports-color 1184ms (cache revalidated)
npm http fetch GET 200 https://registry.npmjs.org/@cypress%2fxvfb 1195ms (cache revalidated)
npm http fetch GET 200 https://registry.npmjs.org/getmac 1318ms (cache revalidated)
npm http fetch GET 200 https://registry.npmjs.org/eventemitter2 1205ms (cache revalidated)
npm http fetch GET 200 https://registry.npmjs.org/commander 1233ms (cache revalidated)
npm http fetch GET 200 https://registry.npmjs.org/extract-zip 1221ms (cache revalidated)
npm http fetch GET 200 https://registry.npmjs.org/enquirer 1249ms (cache revalidated)
npm http fetch GET 200 https://registry.npmjs.org/request-progress 1211ms (cache revalidated)
npm http fetch GET 200 https://registry.npmjs.org/@types%2fsizzle 1229ms (cache revalidated)
npm http fetch GET 200 https://registry.npmjs.org/git-repo-info 1345ms (cache revalidated)
npm http fetch GET 200 https://registry.npmjs.org/check-more-types 1229ms (cache revalidated)
npm http fetch GET 200 https://registry.npmjs.org/node-ipc 1335ms (cache revalidated)
npm http fetch GET 200 https://registry.npmjs.org/requestretry 1338ms (cache revalidated)
npm http fetch GET 200 https://registry.npmjs.org/is-installed-globally 1235ms (cache revalidated)
npm http fetch GET 200 https://registry.npmjs.org/@cypress%2frequest 1247ms (cache revalidated)
npm http fetch GET 200 https://registry.npmjs.org/git-last-commit 1375ms (cache revalidated)
npm http fetch GET 200 https://registry.npmjs.org/@types%2fsinonjs__fake-timers 1261ms (cache revalidated)
npm http fetch GET 200 https://registry.npmjs.org/browserstack-local 1440ms (cache revalidated)
npm http fetch GET 200 https://registry.npmjs.org/buffer-crc32 554ms (cache revalidated)
npm http fetch GET 200 https://registry.npmjs.org/https-proxy-agent 550ms (cache revalidated)
npm http fetch GET 200 https://registry.npmjs.org/readable-stream 562ms (cache revalidated)
npm http fetch GET 200 https://registry.npmjs.org/tar-stream 564ms (cache revalidated)
npm http fetch GET 200 https://registry.npmjs.org/agent-base 560ms (cache revalidated)
npm http fetch GET 200 https://registry.npmjs.org/ansi-styles 561ms (cache revalidated)
npm http fetch GET 200 https://registry.npmjs.org/decompress-unzip 552ms (cache revalidated)
npm http fetch GET 200 https://registry.npmjs.org/readdir-glob 573ms (cache revalidated)
npm http fetch GET 200 https://registry.npmjs.org/archiver-utils 579ms (cache revalidated)
npm http fetch GET 200 https://registry.npmjs.org/zip-stream 574ms (cache revalidated)
npm http fetch GET 200 https://registry.npmjs.org/decompress-targz 560ms (cache revalidated)
npm http fetch GET 200 https://registry.npmjs.org/decompress-tarbz2 563ms (cache revalidated)
npm http fetch GET 200 https://registry.npmjs.org/make-dir 583ms (cache revalidated)
npm http fetch GET 200 https://registry.npmjs.org/strip-dirs 615ms (cache revalidated)
npm http fetch GET 200 https://registry.npmjs.org/decompress-tar 633ms (cache revalidated)
npm http fetch GET 200 https://registry.npmjs.org/graceful-fs 625ms (cache revalidated)
npm http fetch GET 200 https://registry.npmjs.org/string-width 638ms (cache revalidated)
npm http fetch GET 200 https://registry.npmjs.org/pify 632ms (cache revalidated)
npm http fetch GET 200 https://registry.npmjs.org/graceful-fs 635ms (cache revalidated)
npm http fetch GET 200 https://registry.npmjs.org/fs.realpath 632ms (cache revalidated)
npm http fetch GET 200 https://registry.npmjs.org/universalify 638ms (cache revalidated)
npm http fetch GET 200 https://registry.npmjs.org/jsonfile 643ms (cache revalidated)
npm http fetch GET 200 https://registry.npmjs.org/inherits 635ms (cache revalidated)
npm http fetch GET 200 https://registry.npmjs.org/ini 642ms (cache revalidated)
npm http fetch GET 200 https://registry.npmjs.org/minimatch 672ms (cache revalidated)
npm http fetch GET 200 https://registry.npmjs.org/ansi-colors 674ms (cache revalidated)
npm http fetch GET 200 https://registry.npmjs.org/inflight 690ms (cache revalidated)
npm http fetch GET 200 https://registry.npmjs.org/browser-stdout 687ms (cache revalidated)
npm http fetch GET 200 https://registry.npmjs.org/escape-string-regexp 688ms (cache revalidated)
npm http fetch GET 200 https://registry.npmjs.org/chokidar 693ms (cache revalidated)
npm http fetch GET 200 https://registry.npmjs.org/once 707ms (cache revalidated)
npm http fetch GET 200 https://registry.npmjs.org/serialize-javascript 694ms (cache revalidated)
npm http fetch GET 200 https://registry.npmjs.org/he 704ms (cache revalidated)
npm http fetch GET 200 https://registry.npmjs.org/diff 710ms (cache revalidated)
npm http fetch GET 200 https://registry.npmjs.org/js-yaml 708ms (cache revalidated)
npm http fetch GET 200 https://registry.npmjs.org/ms 706ms (cache revalidated)
npm http fetch GET 200 https://registry.npmjs.org/path-is-absolute 733ms (cache revalidated)
npm http fetch GET 200 https://registry.npmjs.org/minimatch 739ms (cache revalidated)
npm http fetch GET 200 https://registry.npmjs.org/event-pubsub 729ms (cache revalidated)
npm http fetch GET 200 https://registry.npmjs.org/workerpool 736ms (cache revalidated)
npm http fetch GET 200 https://registry.npmjs.org/aws-sign2 733ms (cache revalidated)
npm http fetch GET 200 https://registry.npmjs.org/strip-json-comments 745ms (cache revalidated)
npm http fetch GET 200 https://registry.npmjs.org/combined-stream 744ms (cache revalidated)
npm http fetch GET 200 https://registry.npmjs.org/yargs-parser 766ms (cache revalidated)
npm http fetch GET 200 https://registry.npmjs.org/aws4 764ms (cache revalidated)
npm http fetch GET 200 https://registry.npmjs.org/yargs-unparser 773ms (cache revalidated)
npm http fetch GET 200 https://registry.npmjs.org/find-up 795ms (cache revalidated)
npm http fetch GET 200 https://registry.npmjs.org/caseless 789ms (cache revalidated)
npm http fetch GET 200 https://registry.npmjs.org/form-data 789ms (cache revalidated)
npm http fetch GET 200 https://registry.npmjs.org/forever-agent 808ms (cache revalidated)
npm http fetch GET 200 https://registry.npmjs.org/js-message 818ms (cache revalidated)
npm http fetch GET 200 https://registry.npmjs.org/har-validator 807ms (cache revalidated)
npm http fetch GET 200 https://registry.npmjs.org/extend 821ms (cache revalidated)
npm http fetch GET 200 https://registry.npmjs.org/http-signature 814ms (cache revalidated)
npm http fetch GET 200 https://registry.npmjs.org/safe-buffer 820ms (cache revalidated)
npm http fetch GET 200 https://registry.npmjs.org/oauth-sign 824ms (cache revalidated)
npm http fetch GET 200 https://registry.npmjs.org/json-stringify-safe 828ms (cache revalidated)
npm http fetch GET 200 https://registry.npmjs.org/isstream 844ms (cache revalidated)
npm http fetch GET 200 https://registry.npmjs.org/extend 855ms (cache revalidated)
npm http fetch GET 200 https://registry.npmjs.org/tunnel-agent 864ms (cache revalidated)
npm http fetch GET 200 https://registry.npmjs.org/mime-types 897ms (cache revalidated)
npm http fetch GET 200 https://registry.npmjs.org/performance-now 899ms (cache revalidated)
npm http fetch GET 200 https://registry.npmjs.org/is-typedarray 908ms (cache revalidated)
npm http fetch GET 200 https://registry.npmjs.org/ajv 895ms (cache revalidated)
npm http fetch GET 200 https://registry.npmjs.org/tough-cookie 913ms (cache revalidated)
npm http fetch GET 200 https://registry.npmjs.org/string-width 920ms (cache revalidated)
npm http fetch GET 200 https://registry.npmjs.org/is-yarn-global 915ms (cache revalidated)
npm http fetch GET 200 https://registry.npmjs.org/qs 948ms (cache revalidated)
npm http fetch GET 200 https://registry.npmjs.org/slice-ansi 944ms (cache revalidated)
npm http fetch GET 200 https://registry.npmjs.org/temp-fs 1036ms (cache revalidated)
npm http fetch GET 200 https://registry.npmjs.org/ps-tree 1039ms (cache revalidated)
npm http fetch GET 200 https://registry.npmjs.org/is-npm 948ms (cache revalidated)
npm http fetch GET 200 https://registry.npmjs.org/is-running 1051ms (cache revalidated)
npm http fetch GET 200 https://registry.npmjs.org/latest-version 949ms (cache revalidated)
npm http fetch GET 200 https://registry.npmjs.org/pupa 951ms (cache revalidated)
npm http fetch GET 200 https://registry.npmjs.org/import-lazy 964ms (cache revalidated)
npm http fetch GET 200 https://registry.npmjs.org/semver-diff 966ms (cache revalidated)
npm http fetch GET 200 https://registry.npmjs.org/configstore 976ms (cache revalidated)
npm http fetch GET 200 https://registry.npmjs.org/isstream 978ms (cache revalidated)
npm http fetch GET 200 https://registry.npmjs.org/has-yarn 998ms (cache revalidated)
npm http fetch GET 200 https://registry.npmjs.org/boxen 1002ms (cache revalidated)
npm http fetch GET 200 https://registry.npmjs.org/xdg-basedir 1005ms (cache revalidated)
npm http fetch GET 200 https://registry.npmjs.org/stack-trace 994ms (cache revalidated)
npm http fetch GET 200 https://registry.npmjs.org/cliui 998ms (cache revalidated)
npm http fetch GET 200 https://registry.npmjs.org/colors 1014ms (cache revalidated)
npm http fetch GET 200 https://registry.npmjs.org/get-caller-file 1005ms (cache revalidated)
npm http fetch GET 200 https://registry.npmjs.org/require-directory 1008ms (cache revalidated)
npm http fetch GET 200 https://registry.npmjs.org/decamelize 1032ms (cache revalidated)
npm http fetch GET 200 https://registry.npmjs.org/which-module 1033ms (cache revalidated)
npm http fetch GET 200 https://registry.npmjs.org/find-up 1043ms (cache revalidated)
npm http fetch GET 200 https://registry.npmjs.org/yargs-parser 1042ms (cache revalidated)
npm http fetch GET 200 https://registry.npmjs.org/require-main-filename 1060ms (cache revalidated)
npm http fetch GET 200 https://registry.npmjs.org/set-blocking 1059ms (cache revalidated)
npm http fetch GET 200 https://registry.npmjs.org/y18n 1072ms (cache revalidated)
npm http fetch GET 200 https://registry.npmjs.org/eyes 1191ms (cache revalidated)
npm http fetch GET 200 https://registry.npmjs.org/js-queue 1281ms (cache revalidated)
npm http fetch GET 200 https://registry.npmjs.org/cycle 1552ms (cache revalidated)
npm http fetch GET 200 https://registry.npmjs.org/lodash.difference 164ms (cache revalidated)
npm http fetch GET 200 https://registry.npmjs.org/lodash.defaults 188ms (cache revalidated)
npm http fetch GET 200 https://registry.npmjs.org/lodash.union 184ms (cache revalidated)
npm http fetch GET 200 https://registry.npmjs.org/string_decoder 181ms (cache revalidated)
npm http fetch GET 200 https://registry.npmjs.org/normalize-path 185ms (cache revalidated)
npm http fetch GET 200 https://registry.npmjs.org/util-deprecate 182ms (cache revalidated)
npm http fetch GET 200 https://registry.npmjs.org/fs-constants 178ms (cache revalidated)
npm http fetch GET 200 https://registry.npmjs.org/lazystream 202ms (cache revalidated)
npm http fetch GET 200 https://registry.npmjs.org/compress-commons 183ms (cache revalidated)
npm http fetch GET 200 https://registry.npmjs.org/end-of-stream 189ms (cache revalidated)
npm http fetch GET 200 https://registry.npmjs.org/bl 192ms (cache revalidated)
npm http fetch GET 200 https://registry.npmjs.org/lodash.flatten 209ms (cache revalidated)
npm http fetch GET 200 https://registry.npmjs.org/lodash.isplainobject 213ms (cache revalidated)
npm http fetch GET 200 https://registry.npmjs.org/process-nextick-args 129ms (cache revalidated)
npm http fetch GET 200 https://registry.npmjs.org/core-util-is 138ms (cache revalidated)
npm http fetch GET 200 https://registry.npmjs.org/isarray 140ms (cache revalidated)
npm http fetch GET 200 https://registry.npmjs.org/rimraf 114ms (cache revalidated)
npm http fetch GET 200 https://registry.npmjs.org/event-stream 673ms (cache revalidated)
npm http fetch GET 200 https://registry.npmjs.org/has-flag 102ms (cache revalidated)
npm http fetch GET 200 https://registry.npmjs.org/color-convert 107ms (cache revalidated)
npm http fetch GET 200 https://registry.npmjs.org/color-name 103ms (cache revalidated)
npm http fetch GET 200 https://registry.npmjs.org/strip-ansi 122ms (cache revalidated)
npm http fetch GET 200 https://registry.npmjs.org/is-fullwidth-code-point 129ms (cache revalidated)
npm http fetch GET 200 https://registry.npmjs.org/emoji-regex 134ms (cache revalidated)
npm http fetch GET 200 https://registry.npmjs.org/ieee754 248ms (cache revalidated)
npm http fetch GET 200 https://registry.npmjs.org/is-stream 245ms (cache revalidated)
npm http fetch GET 200 https://registry.npmjs.org/get-stream 244ms (cache revalidated)
npm http fetch GET 200 https://registry.npmjs.org/npm-run-path 241ms (cache revalidated)
npm http fetch GET 200 https://registry.npmjs.org/signal-exit 247ms (cache revalidated)
npm http fetch GET 200 https://registry.npmjs.org/get-stream 244ms (cache revalidated)
npm http fetch GET 200 https://registry.npmjs.org/base64-js 264ms (cache revalidated)
npm http fetch GET 200 https://registry.npmjs.org/merge-stream 251ms (cache revalidated)
npm http fetch GET 200 https://registry.npmjs.org/ci-info 241ms (cache revalidated)
npm http fetch GET 200 https://registry.npmjs.org/lodash.once 270ms (cache revalidated)
npm http fetch GET 200 https://registry.npmjs.org/cross-spawn 260ms (cache revalidated)
npm http fetch GET 200 https://registry.npmjs.org/restore-cursor 269ms (cache revalidated)
npm http fetch GET 200 https://registry.npmjs.org/onetime 267ms (cache revalidated)
npm http fetch GET 200 https://registry.npmjs.org/strip-final-newline 261ms (cache revalidated)
npm http fetch GET 200 https://registry.npmjs.org/@colors%2fcolors 276ms (cache revalidated)
npm http fetch GET 200 https://registry.npmjs.org/global-dirs 259ms (cache revalidated)
npm http fetch GET 200 https://registry.npmjs.org/is-path-inside 259ms (cache revalidated)
npm http fetch GET 200 https://registry.npmjs.org/human-signals 275ms (cache revalidated)
npm http fetch GET 200 https://registry.npmjs.org/@types%2fyauzl 276ms (cache revalidated)
npm http fetch GET 200 https://registry.npmjs.org/through 273ms (cache revalidated)
npm http fetch GET 200 https://registry.npmjs.org/cli-truncate 282ms (cache revalidated)
npm http fetch GET 200 https://registry.npmjs.org/wrap-ansi 311ms (cache revalidated)
npm http fetch GET 200 https://registry.npmjs.org/log-update 317ms (cache revalidated)
npm http fetch GET 200 https://registry.npmjs.org/p-map 319ms (cache revalidated)
npm http fetch GET 200 https://registry.npmjs.org/rfdc 320ms (cache revalidated)
npm http fetch GET 200 https://registry.npmjs.org/colorette 324ms (cache revalidated)
npm http fetch GET 200 https://registry.npmjs.org/at-least-node 334ms (cache revalidated)
npm http fetch GET 200 https://registry.npmjs.org/is-unicode-supported 323ms (cache revalidated)
npm http fetch GET 200 https://registry.npmjs.org/fd-slicer 342ms (cache revalidated)
npm http fetch GET 200 https://registry.npmjs.org/throttleit 345ms (cache revalidated)
npm http fetch GET 200 https://registry.npmjs.org/rxjs 352ms (cache revalidated)
npm http fetch GET 200 https://registry.npmjs.org/asynckit 140ms (cache revalidated)
npm http fetch GET 200 https://registry.npmjs.org/psl 137ms (cache revalidated)
npm http fetch GET 200 https://registry.npmjs.org/delayed-stream 149ms (cache revalidated)
npm http fetch GET 200 https://registry.npmjs.org/jsprim 146ms (cache revalidated)
npm http fetch GET 200 https://registry.npmjs.org/assert-plus 154ms (cache revalidated)
npm http fetch GET 200 https://registry.npmjs.org/punycode 148ms (cache revalidated)
npm http fetch GET 200 https://registry.npmjs.org/mime-db 153ms (cache revalidated)
npm http fetch GET 200 https://registry.npmjs.org/side-channel 153ms (cache revalidated)
npm http fetch GET 200 https://registry.npmjs.org/url-parse 149ms (cache revalidated)
npm http fetch GET 200 https://registry.npmjs.org/sshpk 159ms (cache revalidated)
npm http fetch GET 200 https://registry.npmjs.org/file-type 128ms (cache revalidated)
npm http fetch GET 200 https://registry.npmjs.org/seek-bzip 130ms (cache revalidated)
npm http fetch GET 200 https://registry.npmjs.org/unbzip2-stream 132ms (cache revalidated)
npm http fetch GET 200 https://registry.npmjs.org/is-natural-number 130ms (cache revalidated)
npm http fetch GET 200 https://registry.npmjs.org/file-type 151ms (cache revalidated)
npm http fetch GET 200 https://registry.npmjs.org/file-type 165ms (cache revalidated)
npm http fetch GET 200 https://registry.npmjs.org/xtend 104ms (cache revalidated)
npm http fetch GET 200 https://registry.npmjs.org/buffer-alloc 113ms (cache revalidated)
npm http fetch GET 200 https://registry.npmjs.org/to-buffer 112ms (cache revalidated)
npm http fetch GET 200 https://registry.npmjs.org/pinkie-promise 93ms (cache revalidated)
npm http fetch GET 200 https://registry.npmjs.org/object-assign 97ms (cache revalidated)
npm http fetch GET 200 https://registry.npmjs.org/ansi-regex 104ms (cache revalidated)
npm http fetch GET 200 https://registry.npmjs.org/pump 122ms (cache revalidated)
npm http fetch GET 200 https://registry.npmjs.org/path-key 133ms (cache revalidated)
npm http fetch GET 200 https://registry.npmjs.org/path-key 134ms (cache revalidated)
npm http fetch GET 200 https://registry.npmjs.org/shebang-command 140ms (cache revalidated)
npm http fetch GET 200 https://registry.npmjs.org/which 144ms (cache revalidated)
npm http fetch GET 200 https://registry.npmjs.org/mimic-fn 156ms (cache revalidated)
npm http fetch GET 200 https://registry.npmjs.org/isexe 93ms (cache revalidated)
npm http fetch GET 200 https://registry.npmjs.org/shebang-regex 110ms (cache revalidated)
npm http fetch GET 200 https://registry.npmjs.org/pinkie 102ms (cache revalidated)
npm http fetch GET 200 https://registry.npmjs.org/brace-expansion 110ms (cache revalidated)
npm http fetch GET 200 https://registry.npmjs.org/wrappy 113ms (cache revalidated)
npm http fetch GET 200 https://registry.npmjs.org/extsprintf 125ms (cache revalidated)
npm http fetch GET 200 https://registry.npmjs.org/verror 134ms (cache revalidated)
npm http fetch GET 200 https://registry.npmjs.org/jsbn 130ms (cache revalidated)
npm http fetch GET 200 https://registry.npmjs.org/json-schema 142ms (cache revalidated)
npm http fetch GET 200 https://registry.npmjs.org/getpass 140ms (cache revalidated)
npm http fetch GET 200 https://registry.npmjs.org/ecc-jsbn 136ms (cache revalidated)
npm http fetch GET 200 https://registry.npmjs.org/asn1 146ms (cache revalidated)
npm http fetch GET 200 https://registry.npmjs.org/safer-buffer 142ms (cache revalidated)
npm http fetch GET 200 https://registry.npmjs.org/bcrypt-pbkdf 141ms (cache revalidated)
npm http fetch GET 200 https://registry.npmjs.org/dashdash 149ms (cache revalidated)
npm http fetch GET 200 https://registry.npmjs.org/tweetnacl 151ms (cache revalidated)
npm http fetch GET 200 https://registry.npmjs.org/aggregate-error 137ms (cache revalidated)
npm http fetch GET 200 https://registry.npmjs.org/tslib 142ms (cache updated)
npm http fetch GET 200 https://registry.npmjs.org/ansi-escapes 147ms (cache revalidated)
npm http fetch GET 200 https://registry.npmjs.org/astral-regex 97ms (cache revalidated)
npm http fetch GET 200 https://registry.npmjs.org/type-fest 135ms (cache revalidated)
npm http fetch GET 200 https://registry.npmjs.org/concat-map 103ms (cache revalidated)
npm http fetch GET 200 https://registry.npmjs.org/balanced-match 127ms (cache revalidated)
npm http fetch GET 200 https://registry.npmjs.org/glob-parent 147ms (cache revalidated)
npm http fetch GET 200 https://registry.npmjs.org/anymatch 193ms (cache revalidated)
npm http fetch GET 200 https://registry.npmjs.org/readdirp 183ms (cache revalidated)
npm http fetch GET 200 https://registry.npmjs.org/is-glob 190ms (cache revalidated)
npm http fetch GET 200 https://registry.npmjs.org/fsevents 189ms (cache revalidated)
npm http fetch GET 200 https://registry.npmjs.org/braces 204ms (cache revalidated)
npm http fetch GET 200 https://registry.npmjs.org/randombytes 186ms (cache revalidated)
npm http fetch GET 200 https://registry.npmjs.org/escalade 185ms (cache revalidated)
npm http fetch GET 200 https://registry.npmjs.org/path-exists 192ms (cache revalidated)
npm http fetch GET 200 https://registry.npmjs.org/argparse 191ms (cache revalidated)
npm http fetch GET 200 https://registry.npmjs.org/is-binary-path 207ms (cache revalidated)
npm http fetch GET 200 https://registry.npmjs.org/flat 183ms (cache revalidated)
npm http fetch GET 200 https://registry.npmjs.org/camelcase 187ms (cache revalidated)
npm http fetch GET 200 https://registry.npmjs.org/is-plain-obj 184ms (cache revalidated)
npm http fetch GET 200 https://registry.npmjs.org/locate-path 200ms (cache revalidated)
npm http fetch GET 200 https://registry.npmjs.org/picomatch 104ms (cache revalidated)
npm http fetch GET 200 https://registry.npmjs.org/picomatch 120ms (cache revalidated)
npm http fetch GET 200 https://registry.npmjs.org/fill-range 121ms (cache revalidated)
npm http fetch GET 200 https://registry.npmjs.org/is-extglob 121ms (cache revalidated)
npm http fetch GET 200 https://registry.npmjs.org/binary-extensions 126ms (cache revalidated)
npm http fetch GET 200 https://registry.npmjs.org/to-regex-range 141ms (cache revalidated)
npm http fetch GET 200 https://registry.npmjs.org/is-number 92ms (cache revalidated)
npm http fetch GET 200 https://registry.npmjs.org/p-locate 95ms (cache revalidated)
npm http fetch GET 200 https://registry.npmjs.org/p-limit 91ms (cache revalidated)
npm http fetch GET 200 https://registry.npmjs.org/easy-stack 90ms (cache revalidated)
npm http fetch GET 200 https://registry.npmjs.org/yocto-queue 665ms (cache revalidated)
npm http fetch GET 200 https://registry.npmjs.org/indent-string 97ms (cache revalidated)
npm http fetch GET 200 https://registry.npmjs.org/clean-stack 114ms (cache revalidated)
npm http fetch GET 200 https://registry.npmjs.org/duplexer 176ms (cache revalidated)
npm http fetch GET 200 https://registry.npmjs.org/split 174ms (cache revalidated)
npm http fetch GET 200 https://registry.npmjs.org/stream-combiner 174ms (cache revalidated)
npm http fetch GET 200 https://registry.npmjs.org/pause-stream 685ms (cache revalidated)
npm http fetch GET 200 https://registry.npmjs.org/map-stream 703ms (cache revalidated)
npm http fetch GET 200 https://registry.npmjs.org/from 897ms (cache revalidated)
npm http fetch GET 200 https://registry.npmjs.org/object-inspect 99ms (cache revalidated)
npm http fetch GET 200 https://registry.npmjs.org/get-intrinsic 108ms (cache revalidated)
npm http fetch GET 200 https://registry.npmjs.org/es-errors 110ms (cache revalidated)
npm http fetch GET 200 https://registry.npmjs.org/call-bind 146ms (cache revalidated)
npm http fetch GET 200 https://registry.npmjs.org/har-schema 148ms (cache revalidated)
npm http fetch GET 200 https://registry.npmjs.org/uri-js 101ms (cache revalidated)
npm http fetch GET 200 https://registry.npmjs.org/fast-deep-equal 106ms (cache revalidated)
npm http fetch GET 200 https://registry.npmjs.org/fast-json-stable-stringify 110ms (cache revalidated)
npm http fetch GET 200 https://registry.npmjs.org/json-schema-traverse 109ms (cache revalidated)
npm http fetch GET 200 https://registry.npmjs.org/set-function-length 129ms (cache revalidated)
npm http fetch GET 200 https://registry.npmjs.org/has-symbols 130ms (cache revalidated)
npm http fetch GET 200 https://registry.npmjs.org/es-define-property 146ms (cache revalidated)
npm http fetch GET 200 https://registry.npmjs.org/has-proto 143ms (cache revalidated)
npm http fetch GET 200 https://registry.npmjs.org/function-bind 150ms (cache revalidated)
npm http fetch GET 200 https://registry.npmjs.org/hasown 162ms (cache revalidated)
npm http fetch GET 200 https://registry.npmjs.org/has-property-descriptors 92ms (cache revalidated)
npm http fetch GET 200 https://registry.npmjs.org/define-data-property 99ms (cache revalidated)
npm http fetch GET 200 https://registry.npmjs.org/gopd 101ms (cache revalidated)
npm http fetch GET 200 https://registry.npmjs.org/requires-port 105ms (cache revalidated)
npm http fetch GET 200 https://registry.npmjs.org/querystringify 109ms (cache revalidated)
npm http fetch GET 200 https://registry.npmjs.org/ansi-align 123ms (cache revalidated)
npm http fetch GET 200 https://registry.npmjs.org/cli-boxes 122ms (cache revalidated)
npm http fetch GET 200 https://registry.npmjs.org/widest-line 121ms (cache revalidated)
npm http fetch GET 200 https://registry.npmjs.org/package-json 121ms (cache revalidated)
npm http fetch GET 200 https://registry.npmjs.org/write-file-atomic 125ms (cache revalidated)
npm http fetch GET 200 https://registry.npmjs.org/dot-prop 130ms (cache revalidated)
npm http fetch GET 200 https://registry.npmjs.org/unique-string 134ms (cache revalidated)
npm http fetch GET 200 https://registry.npmjs.org/escape-goat 692ms (cache revalidated)
npm http fetch GET 200 https://registry.npmjs.org/is-obj 142ms (cache revalidated)
npm http fetch GET 200 https://registry.npmjs.org/imurmurhash 143ms (cache revalidated)
npm http fetch GET 200 https://registry.npmjs.org/crypto-random-string 156ms (cache revalidated)
npm http fetch GET 200 https://registry.npmjs.org/typedarray-to-buffer 155ms (cache revalidated)
npm http fetch GET 200 https://registry.npmjs.org/registry-auth-token 104ms (cache revalidated)
npm http fetch GET 200 https://registry.npmjs.org/registry-url 111ms (cache revalidated)
npm http fetch GET 200 https://registry.npmjs.org/got 116ms (cache revalidated)
npm http fetch GET 200 https://registry.npmjs.org/p-cancelable 186ms (cache revalidated)
npm http fetch GET 200 https://registry.npmjs.org/lowercase-keys 185ms (cache revalidated)
npm http fetch GET 200 https://registry.npmjs.org/url-parse-lax 194ms (cache revalidated)
npm http fetch GET 200 https://registry.npmjs.org/duplexer3 198ms (cache revalidated)
npm http fetch GET 200 https://registry.npmjs.org/decompress-response 192ms (cache revalidated)
npm http fetch GET 200 https://registry.npmjs.org/cacheable-request 201ms (cache revalidated)
npm http fetch GET 200 https://registry.npmjs.org/to-readable-stream 205ms (cache revalidated)
npm http fetch GET 200 https://registry.npmjs.org/rc 245ms (cache revalidated)
npm http fetch GET 200 https://registry.npmjs.org/rc 248ms (cache revalidated)
npm http fetch GET 200 https://registry.npmjs.org/@sindresorhus%2fis 258ms (cache revalidated)
npm http fetch GET 200 https://registry.npmjs.org/mimic-response 262ms (cache revalidated)
npm http fetch GET 200 https://registry.npmjs.org/@szmarczak%2fhttp-timer 258ms (cache revalidated)
npm http fetch GET 200 https://registry.npmjs.org/http-cache-semantics 116ms (cache revalidated)
npm http fetch GET 200 https://registry.npmjs.org/clone-response 118ms (cache revalidated)
npm http fetch GET 200 https://registry.npmjs.org/normalize-url 130ms (cache revalidated)
npm http fetch GET 200 https://registry.npmjs.org/defer-to-connect 137ms (cache revalidated)
npm http fetch GET 200 https://registry.npmjs.org/keyv 134ms (cache revalidated)
npm http fetch GET 200 https://registry.npmjs.org/prepend-http 141ms (cache revalidated)
npm http fetch GET 200 https://registry.npmjs.org/responselike 144ms (cache revalidated)
npm http fetch GET 200 https://registry.npmjs.org/json-buffer 131ms (cache revalidated)
npm http fetch GET 200 https://registry.npmjs.org/deep-extend 135ms (cache revalidated)
npm http fetch GET 200 https://registry.npmjs.org/pend 113ms (cache revalidated)
npm http fetch GET 200 https://registry.npmjs.org/crc32-stream 121ms (cache revalidated)
npm http fetch GET 200 https://registry.npmjs.org/crc-32 105ms (cache revalidated)
npm http fetch GET 200 https://registry.npmjs.org/buffer-alloc-unsafe 161ms (cache revalidated)
npm http fetch GET 200 https://registry.npmjs.org/buffer-fill 164ms (cache revalidated)
npm http fetch GET 200 https://registry.npmjs.org/p-try 241ms (cache revalidated)
npm verb reify failed optional dependency C:\TesteLuiz\tmpBstackPackages\node_modules\fsevents
npm http fetch POST 200 https://registry.npmjs.org/-/npm/v1/security/advisories/bulk 1545ms
npm WARN deprecated inflight@1.0.6: This module is not supported, and leaks memory. Do not use it. Check out lru-cache if you want a good and tested way to coalesce async requests by a key value, which is much more comprehensive and powerful.
npm WARN deprecated rimraf@2.5.4: Rimraf versions prior to v4 are no longer supported
npm WARN deprecated har-validator@5.1.5: this library is no longer supported
npm WARN deprecated glob@7.2.3: Glob versions prior to v9 are no longer supported
npm WARN deprecated glob@8.1.0: Glob versions prior to v9 are no longer supported
npm http fetch GET 200 https://registry.npmjs.org/tslib/-/tslib-2.6.3.tgz 4778ms (cache miss)
npm WARN deprecated uuid@3.4.0: Please upgrade  to version 7 or higher.  Older versions may use Math.random() in certain circumstances, which is known to be problematic.  See https://v8.dev/blog/math-random for details.
npm http fetch GET 200 https://registry.npmjs.org/@cypress/request/-/request-2.88.12.tgz 4958ms (cache miss)
npm WARN deprecated request@2.88.2: request has been deprecated, see https://github.com/request/request/issues/3142
npm http fetch GET 200 https://registry.npmjs.org/cypress/-/cypress-12.17.4.tgz 10472ms (cache miss)
npm info run cypress@12.17.4 postinstall node_modules/cypress node index.js --exec install
npm info run cypress@12.17.4 postinstall { code: 0, signal: null }

added 446 packages, and audited 447 packages in 30s

66 packages are looking for funding
  run `npm fund` for details

9 moderate severity vulnerabilities

To address all issues (including breaking changes), run:
  npm audit fix --force

Run `npm audit` for details.
npm verb exit 0
npm info ok 
